<?xml version="1.0" encoding="UTF-8"?>
<!-- Generated by org.testng.reporters.JUnitXMLReporter -->
<testsuite hostname="Imdadul_VM" ignored="0" name="Walmart Home Search" tests="1" failures="1" timestamp="03 Nov 2017 03:50:37 GMT" time="9.63" errors="0">
  <testcase name="seachOption" time="4.879" classname="walmartHomePage.searchOptionTest">
    <failure type="java.lang.AssertionError" message="expected [true] but found [false]">
      <![CDATA[java.lang.AssertionError: expected [true] but found [false]
	at walmartHomePage.searchOptionTest.seachOption(searchOptionTest.java:43)
... Removed 31 stack frames]]>
    </failure>
  </testcase> <!-- seachOption -->
</testsuite> <!-- Walmart Home Search -->
