<?xml version="1.0" encoding="UTF-8"?>
<!-- Generated by org.testng.reporters.JUnitXMLReporter -->
<testsuite hostname="Imdadul_VM" name="Walmart Home Page" tests="3" failures="1" timestamp="3 Nov 2017 15:08:51 GMT" time="33.411" errors="0">
  <testcase name="seachOption" time="9.59" classname="walmartHomePage.searchWithDataTest"/>
  <testcase name="seachOption" time="12.31" classname="walmartHomePage.searchWithDataTest"/>
  <testcase name="seachOption" time="4.591" classname="walmartHomePage.searchWithDataTest">
    <failure type="java.lang.AssertionError" message="expected [true] but found [false]">
      <![CDATA[java.lang.AssertionError: expected [true] but found [false]
	at walmartHomePage.searchWithDataTest.seachOption(searchWithDataTest.java:43)
	at org.apache.maven.surefire.testng.TestNGExecutor.run(TestNGExecutor.java:283)
	at org.apache.maven.surefire.testng.TestNGXmlTestSuite.execute(TestNGXmlTestSuite.java:75)
	at org.apache.maven.surefire.testng.TestNGProvider.invoke(TestNGProvider.java:120)
	at org.apache.maven.surefire.booter.ForkedBooter.invokeProviderInSameClassLoader(ForkedBooter.java:373)
	at org.apache.maven.surefire.booter.ForkedBooter.runSuitesInProcess(ForkedBooter.java:334)
	at org.apache.maven.surefire.booter.ForkedBooter.execute(ForkedBooter.java:119)
	at org.apache.maven.surefire.booter.ForkedBooter.main(ForkedBooter.java:407)
... Removed 26 stack frames]]>
    </failure>
  </testcase> <!-- seachOption -->
</testsuite> <!-- Walmart Home Page -->
